<?xml version="1.0" encoding="UTF-8"?>
<!-- Generated by org.testng.reporters.JUnitXMLReporter -->
<testsuite hostname="al-038" ignored="0" name="Test" tests="2" failures="1" timestamp="2021-12-27T14:32:51 IST" time="290.708" errors="0">
  <testcase name="SampleReport" time="77.842" classname="scripts.MainTest"/>
  <testcase name="PrivacyGuard" time="75.879" classname="scripts.MainTest">
    <failure type="java.lang.AssertionError" message="null">
      <![CDATA[java.lang.AssertionError: null
at generic.BasePageCrc.elementvisibility(BasePageCrc.java:42)
at pom.ImportPrivacyGuard.importandrunsimpleaudit(ImportPrivacyGuard.java:292)
at pom.ImportPrivacyGuard.oneclickimport(ImportPrivacyGuard.java:214)
at scripts.MainTest.PrivacyGuard(MainTest.java:48)
at java.util.ArrayList.forEach(ArrayList.java:1259)
... Removed 29 stack frames]]>
    </failure>
  </testcase> <!-- PrivacyGuard -->
</testsuite> <!-- Test -->
