<?xml version="1.0" encoding="UTF-8"?>
<!-- Generated by org.testng.reporters.JUnitXMLReporter -->
<testsuite hostname="al-038" ignored="0" name="Test" tests="1" failures="1" timestamp="2021-12-14T16:38:50 IST" time="54.349" errors="0">
  <testcase name="CRC" time="34.617" classname="scripts.MainTest">
    <failure type="java.lang.AssertionError" message="expected [true] but found [false]">
      <![CDATA[java.lang.AssertionError: expected [true] but found [false]
at pom.ImportPrivacyGuard.importandrunsimpleaudit(ImportPrivacyGuard.java:270)
at pom.ImportPrivacyGuard.oneclickimport(ImportPrivacyGuard.java:202)
at scripts.MainTest.CRC(MainTest.java:30)
at java.util.ArrayList.forEach(ArrayList.java:1259)
... Removed 35 stack frames]]>
    </failure>
  </testcase> <!-- CRC -->
</testsuite> <!-- Test -->
