-------------------------------------------------------------------------------
Test set: TestSuite
-------------------------------------------------------------------------------
Tests run: 1, Failures: 1, Errors: 0, Skipped: 0, Time elapsed: 54.713 s <<< FAILURE! - in TestSuite
scripts.MainTest.CRC[uiux@yopmail.com,Test@1234,Enter,client,ncs9825@yopmail.com,danielrosen,flatop63,3944,daniel@credit-aid.com,flatop63,3944,daniel@credit-aid.com,flatop63,dr@creditrepaircloud.com,flatop63,ncs9825@yopmail.com](1)  Time elapsed: 34.595 s  <<< FAILURE!
java.lang.AssertionError: expected [true] but found [false]
	at scripts.MainTest.CRC(MainTest.java:30)

