<?xml version="1.0" encoding="UTF-8"?>
<testsuite xmlns:xsi="http://www.w3.org/2001/XMLSchema-instance" xsi:noNamespaceSchemaLocation="https://maven.apache.org/surefire/maven-surefire-plugin/xsd/surefire-test-report-3.0.xsd" version="3.0" name="TestSuite" time="105.076" tests="4" errors="0" skipped="2" failures="1">
  <properties>
[...]
</properties>
  <testcase name="SampleReport[uiux@yopmail.com,Test@1234,Enter,client,ncs9825@yopmail.com,danielrosen,flatop63,3944,daniel@credit-aid.com,flatop63,3944,daniel@credit-aid.com,flatop63,dr@creditrepaircloud.com,flatop63,ncs9825@yopmail.com](1)" classname="scripts.MainTest" time="78.036">
    <system-out><![CDATA[Browser Name is: chrome
(1534, 873)
Enterclient347@yopmail.com


Sample Reportis selected

]]></system-out>
    <system-err><![CDATA[Dec 27, 2021 3:32:40 PM com.relevantcodes.extentreports.ExtentReports loadConfig
WARNING: Unable to perform report configuration. The file /home/aluser/eclipse-workspace/CRC\extent-config.xml was not found.
Starting ChromeDriver 95.0.4638.17 (a9d0719444d4b035e284ed1fce73bf6ccd789df2-refs/branch-heads/4638@{#178}) on port 12406
Only local connections are allowed.
Please see https://chromedriver.chromium.org/security-considerations for suggestions on keeping ChromeDriver safe.
ChromeDriver was started successfully.
Dec 27, 2021 3:32:41 PM org.openqa.selenium.remote.ProtocolHandshake createSession
INFO: Detected dialect: W3C
]]></system-err>
  </testcase>
  <testcase name="delete" classname="scripts.MainTest" time="80.526">
    <failure message="Keys to send should be a not null CharSequence" type="java.lang.IllegalArgumentException"><![CDATA[java.lang.IllegalArgumentException: Keys to send should be a not null CharSequence
	at scripts.MainTest.delete(MainTest.java:103)
]]></failure>
  </testcase>
  <testcase name="getResult" classname="scripts.MainTest" time="0">
    <skipped/>
  </testcase>
  <testcase name="endReport" classname="scripts.MainTest" time="0">
    <skipped/>
  </testcase>
</testsuite>