-------------------------------------------------------------------------------
Test set: TestSuite
-------------------------------------------------------------------------------
Tests run: 4, Failures: 1, Errors: 0, Skipped: 2, Time elapsed: 105.076 s <<< FAILURE! - in TestSuite
scripts.MainTest.delete  Time elapsed: 80.526 s  <<< FAILURE!
java.lang.IllegalArgumentException: Keys to send should be a not null CharSequence
	at scripts.MainTest.delete(MainTest.java:103)

