<?xml version="1.0" encoding="UTF-8"?>
<testng-results skipped="0" failed="0" ignored="0" total="1" passed="1">
  <reporter-output>
    <line>
      <![CDATA[Login Successfully]]>
    </line>
    <line>
      <![CDATA[Client module opened successfully]]>
    </line>
    <line>
      <![CDATA[portalaccess on]]>
    </line>
    <line>
      <![CDATA[Clicked on save button]]>
    </line>
    <line>
      <![CDATA[Client created successfully]]>
    </line>
    <line>
      <![CDATA[Import/Audit button is visible in clientdashboard]]>
    </line>
    <line>
      <![CDATA[Clients entered into import page]]>
    </line>
    <line>
      <![CDATA[Import credit report tab is selected]]>
    </line>
    <line>
      <![CDATA[clicked on import credit report nowbutton]]>
    </line>
    <line>
      <![CDATA[popup is displaying]]>
    </line>
    <line>
      <![CDATA[oneclick auto import tab is opened]]>
    </line>
    <line>
      <![CDATA[Running autoimport]]>
    </line>
    <line>
      <![CDATA[pass: element is visible ]]>
    </line>
  </reporter-output>
  <suite name="Suite" duration-ms="63331" started-at="2021-12-14T15:46:48 IST" finished-at="2021-12-14T15:47:51 IST">
    <groups>
    </groups>
    <test name="Test" duration-ms="63331" started-at="2021-12-14T15:46:48 IST" finished-at="2021-12-14T15:47:51 IST">
      <class name="scripts.MainTest">
        <test-method status="PASS" signature="precondition(java.lang.String, java.lang.String, java.lang.String, java.lang.String)[pri:0, instance:scripts.MainTest@6f1fba17]" name="precondition" is-config="true" duration-ms="18160" started-at="2021-12-14T15:46:48 IST" finished-at="2021-12-14T15:47:06 IST">
          <params>
            <param index="0">
              <value>
                <![CDATA[chrome]]>
              </value>
            </param>
            <param index="1">
              <value>
                <![CDATA[https://ui-test.creditrepaircloud.com/]]>
              </value>
            </param>
            <param index="2">
              <value>
                <![CDATA[--window-size=1900,1080]]>
              </value>
            </param>
            <param index="3">
              <value>
                <![CDATA[--disable-notifications]]>
              </value>
            </param>
          </params>
          <reporter-output>
          </reporter-output>
        </test-method> <!-- precondition -->
        <test-method status="PASS" signature="CRC(java.lang.String)[pri:0, instance:scripts.MainTest@6f1fba17]" name="CRC" duration-ms="45116" started-at="2021-12-14T15:47:06 IST" data-provider="clientdata" finished-at="2021-12-14T15:47:51 IST">
          <params>
            <param index="0">
              <value>
                <![CDATA[uiux@yopmail.com,Test@1234,Enter,client,ncs9825@yopmail.com,danielrosen,flatop63,3944,daniel@credit-aid.com,flatop63,3944,daniel@credit-aid.com,flatop63,dr@creditrepaircloud.com,flatop63,ncs9825@yopmail.com]]>
              </value>
            </param>
          </params>
          <reporter-output>
            <line>
              <![CDATA[Login Successfully]]>
            </line>
            <line>
              <![CDATA[Client module opened successfully]]>
            </line>
            <line>
              <![CDATA[portalaccess on]]>
            </line>
            <line>
              <![CDATA[Clicked on save button]]>
            </line>
            <line>
              <![CDATA[Client created successfully]]>
            </line>
            <line>
              <![CDATA[Import/Audit button is visible in clientdashboard]]>
            </line>
            <line>
              <![CDATA[Clients entered into import page]]>
            </line>
            <line>
              <![CDATA[Import credit report tab is selected]]>
            </line>
            <line>
              <![CDATA[clicked on import credit report nowbutton]]>
            </line>
            <line>
              <![CDATA[popup is displaying]]>
            </line>
            <line>
              <![CDATA[oneclick auto import tab is opened]]>
            </line>
            <line>
              <![CDATA[Running autoimport]]>
            </line>
            <line>
              <![CDATA[pass: element is visible ]]>
            </line>
          </reporter-output>
        </test-method> <!-- CRC -->
      </class> <!-- scripts.MainTest -->
    </test> <!-- Test -->
  </suite> <!-- Suite -->
</testng-results>
