<?xml version="1.0" encoding="UTF-8"?>
<testng-results skipped="0" failed="0" ignored="0" total="1" passed="1">
  <reporter-output>
    <line>
      <![CDATA[Login Successfully]]>
    </line>
    <line>
      <![CDATA[Client module opened successfully]]>
    </line>
    <line>
      <![CDATA[portalaccess on]]>
    </line>
    <line>
      <![CDATA[Clicked on save button]]>
    </line>
    <line>
      <![CDATA[Client created successfully]]>
    </line>
    <line>
      <![CDATA[Import/Audit button is visible in clientdashboard]]>
    </line>
    <line>
      <![CDATA[Clients entered into import page]]>
    </line>
    <line>
      <![CDATA[Import credit report tab is selected]]>
    </line>
    <line>
      <![CDATA[clicked on import credit report nowbutton]]>
    </line>
    <line>
      <![CDATA[popup is displaying]]>
    </line>
    <line>
      <![CDATA[oneclick auto import tab is opened]]>
    </line>
    <line>
      <![CDATA[username and password is autoentered]]>
    </line>
    <line>
      <![CDATA[Running autoimport]]>
    </line>
    <line>
      <![CDATA[Credit analysis popup is displaying]]>
    </line>
    <line>
      <![CDATA[Simple audit is done]]>
    </line>
  </reporter-output>
  <suite name="Suite" duration-ms="104611" started-at="2021-12-27T15:32:39 IST" finished-at="2021-12-27T15:34:24 IST">
    <groups>
    </groups>
    <test name="Test" duration-ms="104611" started-at="2021-12-27T15:32:39 IST" finished-at="2021-12-27T15:34:24 IST">
      <class name="scripts.MainTest">
        <test-method status="PASS" signature="startReport()[pri:0, instance:scripts.MainTest@3dd4520b]" name="startReport" is-config="true" duration-ms="125" started-at="2021-12-27T15:32:39 IST" finished-at="2021-12-27T15:32:40 IST">
          <reporter-output>
          </reporter-output>
        </test-method> <!-- startReport -->
        <test-method status="PASS" signature="precondition(java.lang.String, java.lang.String, java.lang.String, java.lang.String)[pri:0, instance:scripts.MainTest@3dd4520b]" name="precondition" is-config="true" duration-ms="23883" started-at="2021-12-27T15:32:40 IST" finished-at="2021-12-27T15:33:04 IST">
          <params>
            <param index="0">
              <value>
                <![CDATA[chrome]]>
              </value>
            </param>
            <param index="1">
              <value>
                <![CDATA[https://ui-test.creditrepaircloud.com/]]>
              </value>
            </param>
            <param index="2">
              <value>
                <![CDATA[--window-size=1900,1080]]>
              </value>
            </param>
            <param index="3">
              <value>
                <![CDATA[--disable-notifications]]>
              </value>
            </param>
          </params>
          <reporter-output>
          </reporter-output>
        </test-method> <!-- precondition -->
        <test-method status="PASS" signature="SampleReport(java.lang.String)[pri:0, instance:scripts.MainTest@3dd4520b]" name="SampleReport" duration-ms="78063" started-at="2021-12-27T15:33:04 IST" data-provider="clientdata" finished-at="2021-12-27T15:34:22 IST">
          <params>
            <param index="0">
              <value>
                <![CDATA[uiux@yopmail.com,Test@1234,Enter,client,ncs9825@yopmail.com,danielrosen,flatop63,3944,daniel@credit-aid.com,flatop63,3944,daniel@credit-aid.com,flatop63,dr@creditrepaircloud.com,flatop63,ncs9825@yopmail.com]]>
              </value>
            </param>
          </params>
          <reporter-output>
            <line>
              <![CDATA[Login Successfully]]>
            </line>
            <line>
              <![CDATA[Client module opened successfully]]>
            </line>
            <line>
              <![CDATA[portalaccess on]]>
            </line>
            <line>
              <![CDATA[Clicked on save button]]>
            </line>
            <line>
              <![CDATA[Client created successfully]]>
            </line>
            <line>
              <![CDATA[Import/Audit button is visible in clientdashboard]]>
            </line>
            <line>
              <![CDATA[Clients entered into import page]]>
            </line>
            <line>
              <![CDATA[Import credit report tab is selected]]>
            </line>
            <line>
              <![CDATA[clicked on import credit report nowbutton]]>
            </line>
            <line>
              <![CDATA[popup is displaying]]>
            </line>
            <line>
              <![CDATA[oneclick auto import tab is opened]]>
            </line>
            <line>
              <![CDATA[username and password is autoentered]]>
            </line>
            <line>
              <![CDATA[Running autoimport]]>
            </line>
            <line>
              <![CDATA[Credit analysis popup is displaying]]>
            </line>
            <line>
              <![CDATA[Simple audit is done]]>
            </line>
          </reporter-output>
        </test-method> <!-- SampleReport -->
        <test-method status="FAIL" signature="delete()[pri:0, instance:scripts.MainTest@3dd4520b]" name="delete" is-config="true" duration-ms="2486" started-at="2021-12-27T15:34:22 IST" finished-at="2021-12-27T15:34:24 IST">
          <exception class="java.lang.IllegalArgumentException">
            <message>
              <![CDATA[Keys to send should be a not null CharSequence]]>
            </message>
            <full-stacktrace>
              <![CDATA[java.lang.IllegalArgumentException: Keys to send should be a not null CharSequence
at org.openqa.selenium.remote.RemoteWebElement.sendKeys(RemoteWebElement.java:97)
at sun.reflect.NativeMethodAccessorImpl.invoke0(Native Method)
at sun.reflect.NativeMethodAccessorImpl.invoke(NativeMethodAccessorImpl.java:62)
at sun.reflect.DelegatingMethodAccessorImpl.invoke(DelegatingMethodAccessorImpl.java:43)
at java.lang.reflect.Method.invoke(Method.java:498)
at org.openqa.selenium.support.pagefactory.internal.LocatingElementHandler.invoke(LocatingElementHandler.java:51)
at com.sun.proxy.$Proxy11.sendKeys(Unknown Source)
at pom.DeleteFlowPage.deleteflow(DeleteFlowPage.java:62)
at scripts.MainTest.delete(MainTest.java:103)
at sun.reflect.NativeMethodAccessorImpl.invoke0(Native Method)
at sun.reflect.NativeMethodAccessorImpl.invoke(NativeMethodAccessorImpl.java:62)
at sun.reflect.DelegatingMethodAccessorImpl.invoke(DelegatingMethodAccessorImpl.java:43)
at java.lang.reflect.Method.invoke(Method.java:498)
at org.testng.internal.MethodInvocationHelper.invokeMethod(MethodInvocationHelper.java:132)
at org.testng.internal.MethodInvocationHelper.invokeMethodConsideringTimeout(MethodInvocationHelper.java:61)
at org.testng.internal.ConfigInvoker.invokeConfigurationMethod(ConfigInvoker.java:366)
at org.testng.internal.ConfigInvoker.invokeConfigurations(ConfigInvoker.java:320)
at org.testng.internal.TestInvoker.runConfigMethods(TestInvoker.java:701)
at org.testng.internal.TestInvoker.runAfterGroupsConfigurations(TestInvoker.java:677)
at org.testng.internal.TestInvoker.invokeMethod(TestInvoker.java:661)
at org.testng.internal.TestInvoker.invokeTestMethod(TestInvoker.java:174)
at org.testng.internal.MethodRunner.runInSequence(MethodRunner.java:46)
at org.testng.internal.TestInvoker$MethodInvocationAgent.invoke(TestInvoker.java:822)
at org.testng.internal.TestInvoker.invokeTestMethods(TestInvoker.java:147)
at org.testng.internal.TestMethodWorker.invokeTestMethods(TestMethodWorker.java:146)
at org.testng.internal.TestMethodWorker.run(TestMethodWorker.java:128)
at java.util.ArrayList.forEach(ArrayList.java:1259)
at org.testng.TestRunner.privateRun(TestRunner.java:764)
at org.testng.TestRunner.run(TestRunner.java:585)
at org.testng.SuiteRunner.runTest(SuiteRunner.java:384)
at org.testng.SuiteRunner.runSequentially(SuiteRunner.java:378)
at org.testng.SuiteRunner.privateRun(SuiteRunner.java:337)
at org.testng.SuiteRunner.run(SuiteRunner.java:286)
at org.testng.SuiteRunnerWorker.runSuite(SuiteRunnerWorker.java:53)
at org.testng.SuiteRunnerWorker.run(SuiteRunnerWorker.java:96)
at org.testng.TestNG.runSuitesSequentially(TestNG.java:1218)
at org.testng.TestNG.runSuitesLocally(TestNG.java:1140)
at org.testng.TestNG.runSuites(TestNG.java:1069)
at org.testng.TestNG.run(TestNG.java:1037)
at org.apache.maven.surefire.testng.TestNGExecutor.run(TestNGExecutor.java:284)
at org.apache.maven.surefire.testng.TestNGXmlTestSuite.execute(TestNGXmlTestSuite.java:75)
at org.apache.maven.surefire.testng.TestNGProvider.invoke(TestNGProvider.java:119)
at org.apache.maven.surefire.booter.ForkedBooter.runSuitesInProcess(ForkedBooter.java:428)
at org.apache.maven.surefire.booter.ForkedBooter.execute(ForkedBooter.java:162)
at org.apache.maven.surefire.booter.ForkedBooter.run(ForkedBooter.java:562)
at org.apache.maven.surefire.booter.ForkedBooter.main(ForkedBooter.java:548)
]]>
            </full-stacktrace>
          </exception> <!-- java.lang.IllegalArgumentException -->
          <reporter-output>
          </reporter-output>
        </test-method> <!-- delete -->
        <test-method status="SKIP" signature="getResult(org.testng.ITestResult)[pri:0, instance:scripts.MainTest@3dd4520b]" name="getResult" is-config="true" duration-ms="-1640599464592" started-at="2021-12-27T15:34:24 IST" finished-at="1970-01-01T05:30:00 IST">
          <reporter-output>
          </reporter-output>
        </test-method> <!-- getResult -->
        <test-method status="SKIP" signature="endReport()[pri:0, instance:scripts.MainTest@3dd4520b]" name="endReport" is-config="true" duration-ms="-1640599464594" started-at="2021-12-27T15:34:24 IST" finished-at="1970-01-01T05:30:00 IST">
          <reporter-output>
          </reporter-output>
        </test-method> <!-- endReport -->
      </class> <!-- scripts.MainTest -->
    </test> <!-- Test -->
  </suite> <!-- Suite -->
</testng-results>
