<?xml version="1.0" encoding="UTF-8"?>
<!-- Generated by org.testng.reporters.JUnitReportReporter -->
<testsuite skipped="0" hostname="al-038" name="scripts.MainTest" tests="1" failures="0" timestamp="2021-12-07T10:56:23 IST" time="211.674" errors="0">
  <testcase name="Login" time="211.674" classname="scripts.MainTest"/>
  <system-out>
Login Successfully Client module opened successfully portalaccess on Clicked on save button Client created successfully Import/Audit button is visible in clientdashboard Clients entered into import page Import credit report tab is selected popup is displaying oneclick auto import tab is opened username and password is autoentered Running autoimport Credit analysis popup is displaying Simple audit is done pass: element is visible  delete option is displaying pass: element is visible  delete popup is displaying pass: element is visible  Toast message is displaying ×
check_circle
Client Deleted successfully  </system-out>
</testsuite> <!-- scripts.MainTest -->
